2020.10.26 21:02:42 INFO  started: Metals version 0.9.4 in workspace 'C:\Users\ASUS S510U\OneDrive\Documentos\8vo Semestre\Datos_Masivos\MiGit\BigData\Unidad1' for client vscode.
2020.10.26 21:02:43 INFO  time: initialize in 0.76s
2020.10.26 21:02:44 WARN  no build tool detected in workspace 'C:\Users\ASUS S510U\OneDrive\Documentos\8vo Semestre\Datos_Masivos\MiGit\BigData\Unidad1'. The most common cause for this problem is that the editor was opened in the wrong working directory, for example if you use sbt then the workspace directory should contain build.sbt. 
2020.10.26 21:02:50 INFO  no build target: using presentation compiler with only scala-library
2020.10.26 21:02:50 WARN  no build target for: C:\Users\ASUS S510U\OneDrive\Documentos\8vo Semestre\Datos_Masivos\MiGit\BigData\Unidad1\Evaluacion.scala
oct 26, 2020 9:04:26 PM org.eclipse.lsp4j.jsonrpc.services.GenericEndpoint notify
INFORMACIÓN: Unsupported notification method: $/setTraceNotification
oct 26, 2020 9:05:04 PM org.eclipse.lsp4j.jsonrpc.services.GenericEndpoint notify
INFORMACIÓN: Unsupported notification method: $/setTraceNotification
oct 26, 2020 9:05:17 PM org.eclipse.lsp4j.jsonrpc.services.GenericEndpoint notify
INFORMACIÓN: Unsupported notification method: $/setTraceNotification
2020.10.26 21:55:20 WARN  no build target for: C:\Users\ASUS S510U\OneDrive\Documentos\8vo Semestre\Datos_Masivos\MiGit\BigData\Unidad1\Practica5.scala
2020.10.26 22:00:20 WARN  no build tool detected in workspace 'C:\Users\ASUS S510U\OneDrive\Documentos\8vo Semestre\Datos_Masivos\MiGit\BigData\Unidad1'. The most common cause for this problem is that the editor was opened in the wrong working directory, for example if you use sbt then the workspace directory should contain build.sbt. 
2020.10.26 22:00:20 WARN  no build tool detected in workspace 'C:\Users\ASUS S510U\OneDrive\Documentos\8vo Semestre\Datos_Masivos\MiGit\BigData\Unidad1'. The most common cause for this problem is that the editor was opened in the wrong working directory, for example if you use sbt then the workspace directory should contain build.sbt. 
2020.10.26 22:01:20 WARN  no build tool detected in workspace 'C:\Users\ASUS S510U\OneDrive\Documentos\8vo Semestre\Datos_Masivos\MiGit\BigData\Unidad1'. The most common cause for this problem is that the editor was opened in the wrong working directory, for example if you use sbt then the workspace directory should contain build.sbt. 
2020.10.26 22:01:20 WARN  no build tool detected in workspace 'C:\Users\ASUS S510U\OneDrive\Documentos\8vo Semestre\Datos_Masivos\MiGit\BigData\Unidad1'. The most common cause for this problem is that the editor was opened in the wrong working directory, for example if you use sbt then the workspace directory should contain build.sbt. 
2020.10.26 22:01:39 WARN  no build tool detected in workspace 'C:\Users\ASUS S510U\OneDrive\Documentos\8vo Semestre\Datos_Masivos\MiGit\BigData\Unidad1'. The most common cause for this problem is that the editor was opened in the wrong working directory, for example if you use sbt then the workspace directory should contain build.sbt. 
2020.10.26 22:01:39 WARN  no build tool detected in workspace 'C:\Users\ASUS S510U\OneDrive\Documentos\8vo Semestre\Datos_Masivos\MiGit\BigData\Unidad1'. The most common cause for this problem is that the editor was opened in the wrong working directory, for example if you use sbt then the workspace directory should contain build.sbt. 
2020.10.26 22:01:39 WARN  no build tool detected in workspace 'C:\Users\ASUS S510U\OneDrive\Documentos\8vo Semestre\Datos_Masivos\MiGit\BigData\Unidad1'. The most common cause for this problem is that the editor was opened in the wrong working directory, for example if you use sbt then the workspace directory should contain build.sbt. 
2020.10.26 22:01:39 WARN  no build tool detected in workspace 'C:\Users\ASUS S510U\OneDrive\Documentos\8vo Semestre\Datos_Masivos\MiGit\BigData\Unidad1'. The most common cause for this problem is that the editor was opened in the wrong working directory, for example if you use sbt then the workspace directory should contain build.sbt. 
2020.10.26 22:01:41 WARN  no build tool detected in workspace 'C:\Users\ASUS S510U\OneDrive\Documentos\8vo Semestre\Datos_Masivos\MiGit\BigData\Unidad1'. The most common cause for this problem is that the editor was opened in the wrong working directory, for example if you use sbt then the workspace directory should contain build.sbt. 
2020.10.26 22:01:41 WARN  no build tool detected in workspace 'C:\Users\ASUS S510U\OneDrive\Documentos\8vo Semestre\Datos_Masivos\MiGit\BigData\Unidad1'. The most common cause for this problem is that the editor was opened in the wrong working directory, for example if you use sbt then the workspace directory should contain build.sbt. 
2020.10.26 22:01:41 WARN  no build tool detected in workspace 'C:\Users\ASUS S510U\OneDrive\Documentos\8vo Semestre\Datos_Masivos\MiGit\BigData\Unidad1'. The most common cause for this problem is that the editor was opened in the wrong working directory, for example if you use sbt then the workspace directory should contain build.sbt. 
2020.10.26 22:01:50 WARN  no build tool detected in workspace 'C:\Users\ASUS S510U\OneDrive\Documentos\8vo Semestre\Datos_Masivos\MiGit\BigData\Unidad1'. The most common cause for this problem is that the editor was opened in the wrong working directory, for example if you use sbt then the workspace directory should contain build.sbt. 
2020.10.26 22:02:02 WARN  no build tool detected in workspace 'C:\Users\ASUS S510U\OneDrive\Documentos\8vo Semestre\Datos_Masivos\MiGit\BigData\Unidad1'. The most common cause for this problem is that the editor was opened in the wrong working directory, for example if you use sbt then the workspace directory should contain build.sbt. 
oct 26, 2020 10:02:28 PM org.eclipse.lsp4j.jsonrpc.RemoteEndpoint handleCancellation
ADVERTENCIA: Unmatched cancel notification for request id 585
2020.10.26 22:02:37 WARN  no build tool detected in workspace 'C:\Users\ASUS S510U\OneDrive\Documentos\8vo Semestre\Datos_Masivos\MiGit\BigData\Unidad1'. The most common cause for this problem is that the editor was opened in the wrong working directory, for example if you use sbt then the workspace directory should contain build.sbt. 
2020.10.26 22:02:37 WARN  no build tool detected in workspace 'C:\Users\ASUS S510U\OneDrive\Documentos\8vo Semestre\Datos_Masivos\MiGit\BigData\Unidad1'. The most common cause for this problem is that the editor was opened in the wrong working directory, for example if you use sbt then the workspace directory should contain build.sbt. 
2020.10.26 22:02:51 WARN  no build target for: C:\Users\ASUS S510U\OneDrive\Documentos\8vo Semestre\Datos_Masivos\MiGit\BigData\Unidad1\Practica5.scala
2020.10.26 22:02:56 WARN  no build target for: C:\Users\ASUS S510U\OneDrive\Documentos\8vo Semestre\Datos_Masivos\MiGit\BigData\Unidad1\Practica5.scala
2020.10.26 22:22:07 INFO  shutting down Metals
2020.10.26 22:25:33 INFO  started: Metals version 0.9.4 in workspace 'C:\Users\ASUS S510U\OneDrive\Documentos\8vo Semestre\Datos_Masivos\MiGit\BigData\Unidad1' for client vscode.
2020.10.26 22:25:34 INFO  time: initialize in 0.9s
2020.10.26 22:25:36 WARN  no build tool detected in workspace 'C:\Users\ASUS S510U\OneDrive\Documentos\8vo Semestre\Datos_Masivos\MiGit\BigData\Unidad1'. The most common cause for this problem is that the editor was opened in the wrong working directory, for example if you use sbt then the workspace directory should contain build.sbt. 
2020.10.26 22:25:44 INFO  no build target: using presentation compiler with only scala-library
2020.10.26 22:25:44 WARN  no build target for: C:\Users\ASUS S510U\OneDrive\Documentos\8vo Semestre\Datos_Masivos\MiGit\BigData\Unidad1\Evaluacion.scala
2020.10.26 22:26:14 WARN  no build target for: C:\Users\ASUS S510U\OneDrive\Documentos\8vo Semestre\Datos_Masivos\MiGit\BigData\Unidad1\Practices\Practica1.scala
2020.10.26 22:26:22 WARN  no build target for: C:\Users\ASUS S510U\OneDrive\Documentos\8vo Semestre\Datos_Masivos\MiGit\BigData\Unidad1\Practices\Practica1.scala
2020.10.26 22:34:40 WARN  no build tool detected in workspace 'C:\Users\ASUS S510U\OneDrive\Documentos\8vo Semestre\Datos_Masivos\MiGit\BigData\Unidad1'. The most common cause for this problem is that the editor was opened in the wrong working directory, for example if you use sbt then the workspace directory should contain build.sbt. 
2020.10.26 22:34:40 WARN  no build target for: C:\Users\ASUS S510U\OneDrive\Documentos\8vo Semestre\Datos_Masivos\MiGit\BigData\Unidad1\Practices\Practica1.scala
2020.10.26 22:35:29 WARN  no build target for: C:\Users\ASUS S510U\OneDrive\Documentos\8vo Semestre\Datos_Masivos\MiGit\BigData\Unidad1\Practica1.scala
